<?xml version="1.0" encoding="UTF-8"?>
<testsuite xmlns:xsi="http://www.w3.org/2001/XMLSchema-instance" xsi:noNamespaceSchemaLocation="https://maven.apache.org/surefire/maven-surefire-plugin/xsd/surefire-test-report.xsd" name="com.ellison.AppTest" time="0.039" tests="1" errors="0" skipped="0" failures="0">
  <properties>
    <property name="gopherProxySet" value="false"/>
    <property name="awt.toolkit" value="sun.lwawt.macosx.LWCToolkit"/>
    <property name="socksProxyHost" value="127.0.0.1"/>
    <property name="http.proxyHost" value="127.0.0.1"/>
    <property name="java.specification.version" value="1.8"/>
    <property name="file.encoding.pkg" value="sun.io"/>
    <property name="sun.cpu.isalist" value=""/>
    <property name="sun.jnu.encoding" value="UTF-8"/>
    <property name="java.class.path" value="/Users/ellisonpei/Desktop/ellisontool/target/test-classes:/Users/ellisonpei/Desktop/ellisontool/target/classes:/Users/ellisonpei/.m2/repository/junit/junit/4.11/junit-4.11.jar:/Users/ellisonpei/.m2/repository/org/hamcrest/hamcrest-core/1.3/hamcrest-core-1.3.jar:/Users/ellisonpei/.m2/repository/com/sun/mail/jakarta.mail/1.6.7/jakarta.mail-1.6.7.jar:/Users/ellisonpei/.m2/repository/com/sun/activation/jakarta.activation/1.2.1/jakarta.activation-1.2.1.jar:/Users/ellisonpei/.m2/repository/org/springframework/spring-context-support/5.3.9/spring-context-support-5.3.9.jar:/Users/ellisonpei/.m2/repository/org/springframework/spring-beans/5.3.9/spring-beans-5.3.9.jar:/Users/ellisonpei/.m2/repository/org/springframework/spring-context/5.3.9/spring-context-5.3.9.jar:/Users/ellisonpei/.m2/repository/org/springframework/spring-core/5.3.9/spring-core-5.3.9.jar:/Users/ellisonpei/.m2/repository/org/springframework/spring-jcl/5.3.9/spring-jcl-5.3.9.jar:/Users/ellisonpei/.m2/repository/org/springframework/spring-tx/5.3.9/spring-tx-5.3.9.jar:/Users/ellisonpei/.m2/repository/org/springframework/spring-web/5.3.9/spring-web-5.3.9.jar:/Users/ellisonpei/.m2/repository/org/springframework/spring-webmvc/5.3.9/spring-webmvc-5.3.9.jar:/Users/ellisonpei/.m2/repository/org/springframework/spring-aop/5.3.9/spring-aop-5.3.9.jar:/Users/ellisonpei/.m2/repository/org/springframework/spring-expression/5.3.9/spring-expression-5.3.9.jar:/Users/ellisonpei/.m2/repository/org/quartz-scheduler/quartz/2.3.2/quartz-2.3.2.jar:/Users/ellisonpei/.m2/repository/com/mchange/c3p0/0.9.5.4/c3p0-0.9.5.4.jar:/Users/ellisonpei/.m2/repository/com/mchange/mchange-commons-java/0.2.15/mchange-commons-java-0.2.15.jar:/Users/ellisonpei/.m2/repository/com/zaxxer/HikariCP-java7/2.4.13/HikariCP-java7-2.4.13.jar:/Users/ellisonpei/.m2/repository/org/slf4j/slf4j-api/1.7.7/slf4j-api-1.7.7.jar:/Users/ellisonpei/.m2/repository/com/alibaba/fastjson/1.2.76/fastjson-1.2.76.jar:/Users/ellisonpei/.m2/repository/org/apache/httpcomponents/httpcore/4.4.14/httpcore-4.4.14.jar:/Users/ellisonpei/.m2/repository/org/apache/httpcomponents/httpclient/4.5.13/httpclient-4.5.13.jar:/Users/ellisonpei/.m2/repository/commons-logging/commons-logging/1.2/commons-logging-1.2.jar:/Users/ellisonpei/.m2/repository/commons-codec/commons-codec/1.11/commons-codec-1.11.jar:/Users/ellisonpei/.m2/repository/org/apache/commons/commons-lang3/3.12.0/commons-lang3-3.12.0.jar:/Users/ellisonpei/.m2/repository/commons-collections/commons-collections/3.2.2/commons-collections-3.2.2.jar:/Users/ellisonpei/.m2/repository/org/apache/poi/poi/4.1.2/poi-4.1.2.jar:/Users/ellisonpei/.m2/repository/org/apache/commons/commons-collections4/4.4/commons-collections4-4.4.jar:/Users/ellisonpei/.m2/repository/org/apache/commons/commons-math3/3.6.1/commons-math3-3.6.1.jar:/Users/ellisonpei/.m2/repository/com/zaxxer/SparseBitSet/1.2/SparseBitSet-1.2.jar:/Users/ellisonpei/.m2/repository/cn/afterturn/easypoi-spring-boot-starter/4.3.0/easypoi-spring-boot-starter-4.3.0.jar:/Users/ellisonpei/.m2/repository/org/springframework/boot/spring-boot-autoconfigure/2.0.6.RELEASE/spring-boot-autoconfigure-2.0.6.RELEASE.jar:/Users/ellisonpei/.m2/repository/org/springframework/boot/spring-boot/2.0.6.RELEASE/spring-boot-2.0.6.RELEASE.jar:/Users/ellisonpei/.m2/repository/cn/afterturn/easypoi-base/4.3.0/easypoi-base-4.3.0.jar:/Users/ellisonpei/.m2/repository/org/apache/poi/poi-ooxml/4.1.1/poi-ooxml-4.1.1.jar:/Users/ellisonpei/.m2/repository/org/apache/commons/commons-compress/1.19/commons-compress-1.19.jar:/Users/ellisonpei/.m2/repository/com/github/virtuald/curvesapi/1.06/curvesapi-1.06.jar:/Users/ellisonpei/.m2/repository/org/apache/poi/poi-ooxml-schemas/4.1.1/poi-ooxml-schemas-4.1.1.jar:/Users/ellisonpei/.m2/repository/org/apache/xmlbeans/xmlbeans/3.1.0/xmlbeans-3.1.0.jar:/Users/ellisonpei/.m2/repository/com/google/guava/guava/16.0.1/guava-16.0.1.jar:/Users/ellisonpei/.m2/repository/ognl/ognl/3.2.6/ognl-3.2.6.jar:/Users/ellisonpei/.m2/repository/org/javassist/javassist/3.20.0-GA/javassist-3.20.0-GA.jar:/Users/ellisonpei/.m2/repository/javax/validation/validation-api/1.1.0.Final/validation-api-1.1.0.Final.jar:/Users/ellisonpei/.m2/repository/cn/afterturn/easypoi-web/4.3.0/easypoi-web-4.3.0.jar:/Users/ellisonpei/.m2/repository/cn/afterturn/easypoi-annotation/4.3.0/easypoi-annotation-4.3.0.jar:/Users/ellisonpei/.m2/repository/org/projectlombok/lombok/1.18.20/lombok-1.18.20.jar:/Users/ellisonpei/.m2/repository/javax/servlet/javax.servlet-api/3.1.0/javax.servlet-api-3.1.0.jar:/Users/ellisonpei/.m2/repository/javax/servlet/jsp/javax.servlet.jsp-api/2.2.1/javax.servlet.jsp-api-2.2.1.jar:"/>
    <property name="https.proxyPort" value="7890"/>
    <property name="java.vm.vendor" value="Oracle Corporation"/>
    <property name="sun.arch.data.model" value="64"/>
    <property name="java.vendor.url" value="http://java.oracle.com/"/>
    <property name="user.timezone" value=""/>
    <property name="java.vm.specification.version" value="1.8"/>
    <property name="os.name" value="Mac OS X"/>
    <property name="user.country" value="CN"/>
    <property name="sun.java.launcher" value="SUN_STANDARD"/>
    <property name="sun.boot.library.path" value="/Library/Java/JavaVirtualMachines/jdk1.8.0_231.jdk/Contents/Home/jre/lib"/>
    <property name="sun.java.command" value="/Users/ellisonpei/Desktop/ellisontool/target/surefire/surefirebooter2827952574271636284.jar /Users/ellisonpei/Desktop/ellisontool/target/surefire 2021-08-27T10-15-09_667-jvmRun1 surefire781636016241099449tmp surefire_02912288237549801394tmp"/>
    <property name="http.nonProxyHosts" value="192.168.0.0/16|*.192.168.0.0/16|10.0.0.0/8|*.10.0.0.0/8|172.16.0.0/12|*.172.16.0.0/12|127.0.0.1|localhost|*.localhost|local|*.local|timestamp.apple.com|*.timestamp.apple.com"/>
    <property name="surefire.test.class.path" value="/Users/ellisonpei/Desktop/ellisontool/target/test-classes:/Users/ellisonpei/Desktop/ellisontool/target/classes:/Users/ellisonpei/.m2/repository/junit/junit/4.11/junit-4.11.jar:/Users/ellisonpei/.m2/repository/org/hamcrest/hamcrest-core/1.3/hamcrest-core-1.3.jar:/Users/ellisonpei/.m2/repository/com/sun/mail/jakarta.mail/1.6.7/jakarta.mail-1.6.7.jar:/Users/ellisonpei/.m2/repository/com/sun/activation/jakarta.activation/1.2.1/jakarta.activation-1.2.1.jar:/Users/ellisonpei/.m2/repository/org/springframework/spring-context-support/5.3.9/spring-context-support-5.3.9.jar:/Users/ellisonpei/.m2/repository/org/springframework/spring-beans/5.3.9/spring-beans-5.3.9.jar:/Users/ellisonpei/.m2/repository/org/springframework/spring-context/5.3.9/spring-context-5.3.9.jar:/Users/ellisonpei/.m2/repository/org/springframework/spring-core/5.3.9/spring-core-5.3.9.jar:/Users/ellisonpei/.m2/repository/org/springframework/spring-jcl/5.3.9/spring-jcl-5.3.9.jar:/Users/ellisonpei/.m2/repository/org/springframework/spring-tx/5.3.9/spring-tx-5.3.9.jar:/Users/ellisonpei/.m2/repository/org/springframework/spring-web/5.3.9/spring-web-5.3.9.jar:/Users/ellisonpei/.m2/repository/org/springframework/spring-webmvc/5.3.9/spring-webmvc-5.3.9.jar:/Users/ellisonpei/.m2/repository/org/springframework/spring-aop/5.3.9/spring-aop-5.3.9.jar:/Users/ellisonpei/.m2/repository/org/springframework/spring-expression/5.3.9/spring-expression-5.3.9.jar:/Users/ellisonpei/.m2/repository/org/quartz-scheduler/quartz/2.3.2/quartz-2.3.2.jar:/Users/ellisonpei/.m2/repository/com/mchange/c3p0/0.9.5.4/c3p0-0.9.5.4.jar:/Users/ellisonpei/.m2/repository/com/mchange/mchange-commons-java/0.2.15/mchange-commons-java-0.2.15.jar:/Users/ellisonpei/.m2/repository/com/zaxxer/HikariCP-java7/2.4.13/HikariCP-java7-2.4.13.jar:/Users/ellisonpei/.m2/repository/org/slf4j/slf4j-api/1.7.7/slf4j-api-1.7.7.jar:/Users/ellisonpei/.m2/repository/com/alibaba/fastjson/1.2.76/fastjson-1.2.76.jar:/Users/ellisonpei/.m2/repository/org/apache/httpcomponents/httpcore/4.4.14/httpcore-4.4.14.jar:/Users/ellisonpei/.m2/repository/org/apache/httpcomponents/httpclient/4.5.13/httpclient-4.5.13.jar:/Users/ellisonpei/.m2/repository/commons-logging/commons-logging/1.2/commons-logging-1.2.jar:/Users/ellisonpei/.m2/repository/commons-codec/commons-codec/1.11/commons-codec-1.11.jar:/Users/ellisonpei/.m2/repository/org/apache/commons/commons-lang3/3.12.0/commons-lang3-3.12.0.jar:/Users/ellisonpei/.m2/repository/commons-collections/commons-collections/3.2.2/commons-collections-3.2.2.jar:/Users/ellisonpei/.m2/repository/org/apache/poi/poi/4.1.2/poi-4.1.2.jar:/Users/ellisonpei/.m2/repository/org/apache/commons/commons-collections4/4.4/commons-collections4-4.4.jar:/Users/ellisonpei/.m2/repository/org/apache/commons/commons-math3/3.6.1/commons-math3-3.6.1.jar:/Users/ellisonpei/.m2/repository/com/zaxxer/SparseBitSet/1.2/SparseBitSet-1.2.jar:/Users/ellisonpei/.m2/repository/cn/afterturn/easypoi-spring-boot-starter/4.3.0/easypoi-spring-boot-starter-4.3.0.jar:/Users/ellisonpei/.m2/repository/org/springframework/boot/spring-boot-autoconfigure/2.0.6.RELEASE/spring-boot-autoconfigure-2.0.6.RELEASE.jar:/Users/ellisonpei/.m2/repository/org/springframework/boot/spring-boot/2.0.6.RELEASE/spring-boot-2.0.6.RELEASE.jar:/Users/ellisonpei/.m2/repository/cn/afterturn/easypoi-base/4.3.0/easypoi-base-4.3.0.jar:/Users/ellisonpei/.m2/repository/org/apache/poi/poi-ooxml/4.1.1/poi-ooxml-4.1.1.jar:/Users/ellisonpei/.m2/repository/org/apache/commons/commons-compress/1.19/commons-compress-1.19.jar:/Users/ellisonpei/.m2/repository/com/github/virtuald/curvesapi/1.06/curvesapi-1.06.jar:/Users/ellisonpei/.m2/repository/org/apache/poi/poi-ooxml-schemas/4.1.1/poi-ooxml-schemas-4.1.1.jar:/Users/ellisonpei/.m2/repository/org/apache/xmlbeans/xmlbeans/3.1.0/xmlbeans-3.1.0.jar:/Users/ellisonpei/.m2/repository/com/google/guava/guava/16.0.1/guava-16.0.1.jar:/Users/ellisonpei/.m2/repository/ognl/ognl/3.2.6/ognl-3.2.6.jar:/Users/ellisonpei/.m2/repository/org/javassist/javassist/3.20.0-GA/javassist-3.20.0-GA.jar:/Users/ellisonpei/.m2/repository/javax/validation/validation-api/1.1.0.Final/validation-api-1.1.0.Final.jar:/Users/ellisonpei/.m2/repository/cn/afterturn/easypoi-web/4.3.0/easypoi-web-4.3.0.jar:/Users/ellisonpei/.m2/repository/cn/afterturn/easypoi-annotation/4.3.0/easypoi-annotation-4.3.0.jar:/Users/ellisonpei/.m2/repository/org/projectlombok/lombok/1.18.20/lombok-1.18.20.jar:/Users/ellisonpei/.m2/repository/javax/servlet/javax.servlet-api/3.1.0/javax.servlet-api-3.1.0.jar:/Users/ellisonpei/.m2/repository/javax/servlet/jsp/javax.servlet.jsp-api/2.2.1/javax.servlet.jsp-api-2.2.1.jar:"/>
    <property name="sun.cpu.endian" value="little"/>
    <property name="user.home" value="/Users/ellisonpei"/>
    <property name="user.language" value="zh"/>
    <property name="java.specification.vendor" value="Oracle Corporation"/>
    <property name="java.home" value="/Library/Java/JavaVirtualMachines/jdk1.8.0_231.jdk/Contents/Home/jre"/>
    <property name="basedir" value="/Users/ellisonpei/Desktop/ellisontool"/>
    <property name="https.proxyHost" value="127.0.0.1"/>
    <property name="file.separator" value="/"/>
    <property name="line.separator" value="&#10;"/>
    <property name="java.vm.specification.vendor" value="Oracle Corporation"/>
    <property name="java.specification.name" value="Java Platform API Specification"/>
    <property name="java.awt.graphicsenv" value="sun.awt.CGraphicsEnvironment"/>
    <property name="surefire.real.class.path" value="/Users/ellisonpei/Desktop/ellisontool/target/surefire/surefirebooter2827952574271636284.jar"/>
    <property name="sun.boot.class.path" value="/Library/Java/JavaVirtualMachines/jdk1.8.0_231.jdk/Contents/Home/jre/lib/resources.jar:/Library/Java/JavaVirtualMachines/jdk1.8.0_231.jdk/Contents/Home/jre/lib/rt.jar:/Library/Java/JavaVirtualMachines/jdk1.8.0_231.jdk/Contents/Home/jre/lib/sunrsasign.jar:/Library/Java/JavaVirtualMachines/jdk1.8.0_231.jdk/Contents/Home/jre/lib/jsse.jar:/Library/Java/JavaVirtualMachines/jdk1.8.0_231.jdk/Contents/Home/jre/lib/jce.jar:/Library/Java/JavaVirtualMachines/jdk1.8.0_231.jdk/Contents/Home/jre/lib/charsets.jar:/Library/Java/JavaVirtualMachines/jdk1.8.0_231.jdk/Contents/Home/jre/lib/jfr.jar:/Library/Java/JavaVirtualMachines/jdk1.8.0_231.jdk/Contents/Home/jre/classes"/>
    <property name="sun.management.compiler" value="HotSpot 64-Bit Tiered Compilers"/>
    <property name="ftp.nonProxyHosts" value="192.168.0.0/16|*.192.168.0.0/16|10.0.0.0/8|*.10.0.0.0/8|172.16.0.0/12|*.172.16.0.0/12|127.0.0.1|localhost|*.localhost|local|*.local|timestamp.apple.com|*.timestamp.apple.com"/>
    <property name="java.runtime.version" value="1.8.0_231-b11"/>
    <property name="user.name" value="ellisonpei"/>
    <property name="path.separator" value=":"/>
    <property name="os.version" value="10.16"/>
    <property name="java.endorsed.dirs" value="/Library/Java/JavaVirtualMachines/jdk1.8.0_231.jdk/Contents/Home/jre/lib/endorsed"/>
    <property name="java.runtime.name" value="Java(TM) SE Runtime Environment"/>
    <property name="file.encoding" value="UTF-8"/>
    <property name="java.vm.name" value="Java HotSpot(TM) 64-Bit Server VM"/>
    <property name="localRepository" value="/Users/ellisonpei/.m2/repository"/>
    <property name="java.vendor.url.bug" value="http://bugreport.sun.com/bugreport/"/>
    <property name="java.io.tmpdir" value="/var/folders/b4/0lcq4ff97j1dppf3t_93vf940000gn/T/"/>
    <property name="idea.version" value="2021.1.2"/>
    <property name="java.version" value="1.8.0_231"/>
    <property name="user.dir" value="/Users/ellisonpei/Desktop/ellisontool"/>
    <property name="os.arch" value="x86_64"/>
    <property name="socksProxyPort" value="7890"/>
    <property name="java.vm.specification.name" value="Java Virtual Machine Specification"/>
    <property name="java.awt.printerjob" value="sun.lwawt.macosx.CPrinterJob"/>
    <property name="sun.os.patch.level" value="unknown"/>
    <property name="java.library.path" value="/Users/ellisonpei/Library/Java/Extensions:/Library/Java/Extensions:/Network/Library/Java/Extensions:/System/Library/Java/Extensions:/usr/lib/java:."/>
    <property name="java.vm.info" value="mixed mode"/>
    <property name="java.vendor" value="Oracle Corporation"/>
    <property name="java.vm.version" value="25.231-b11"/>
    <property name="java.ext.dirs" value="/Users/ellisonpei/Library/Java/Extensions:/Library/Java/JavaVirtualMachines/jdk1.8.0_231.jdk/Contents/Home/jre/lib/ext:/Library/Java/Extensions:/Network/Library/Java/Extensions:/System/Library/Java/Extensions:/usr/lib/java"/>
    <property name="sun.io.unicode.encoding" value="UnicodeBig"/>
    <property name="java.class.version" value="52.0"/>
    <property name="socksNonProxyHosts" value="192.168.0.0/16|*.192.168.0.0/16|10.0.0.0/8|*.10.0.0.0/8|172.16.0.0/12|*.172.16.0.0/12|127.0.0.1|localhost|*.localhost|local|*.local|timestamp.apple.com|*.timestamp.apple.com"/>
    <property name="http.proxyPort" value="7890"/>
  </properties>
  <testcase name="shouldAnswerWithTrue" classname="com.ellison.AppTest" time="0.014"/>
</testsuite>